<testsuite failures="1" name="src/test/java/featurefiles/karate06.feature" skipped="0" tests="1" time="0.011596">
  <testcase classname="src.test.java.featurefiles.karate06" name="Karate Test case 1" time="0.011596">
    <failure message="karate06.feature:7 - assert evaluated to false: a == 12 &amp;&amp; b == 20">* def a = 10 .............................................................. passed
* def b = 20 .............................................................. passed
* assert a == 12 &amp;&amp; b == 20 ............................................... failed

Stack Trace:
com.intuit.karate.exception.KarateException: karate06.feature:7 - assert evaluated to false: a == 12 &amp;&amp; b == 20&#13;
	at âœ½.* assert a == 12 &amp;&amp; b == 20 (karate06.feature:7)&#13;

* print "after Assert" .................................................... skipped</failure>
  </testcase>
</testsuite>
