<testsuite failures="1" name="src/test/java/featurefiles/karateTestSuite-03.feature" skipped="0" tests="2" time="0.010324">
  <testcase classname="src.test.java.featurefiles.karateTestSuite-03" name="XMLTest case 6" time="0.0022">
    <failure message="karateTestSuite-03.feature:56 - no step-definition method match found for: match xml/">Given def xml = ........................................................... passed
* match xml/ .............................................................. failed

Stack Trace:
com.intuit.karate.exception.KarateException: karateTestSuite-03.feature:56 - no step-definition method match found for: match xml/&#13;
	at ✽.* match xml/ (karateTestSuite-03.feature:56)</failure>
  </testcase>
  <testcase classname="src.test.java.featurefiles.karateTestSuite-03" name="XMLTest case 6" time="0.008124">
    <system-out>Given def xml = ........................................................... passed
* match xml/ .............................................................. failed

Stack Trace:
com.intuit.karate.exception.KarateException: karateTestSuite-03.feature:56 - no step-definition method match found for: match xml/&#13;
	at ✽.* match xml/ (karateTestSuite-03.feature:56)&#13;

Given def xml = ........................................................... passed
* match xml/info/tool[1]/name contains "Karate" ........................... passed
* match xml/info/tool[2]/name contains "IntelliJ" ......................... passed</system-out>
  </testcase>
</testsuite>
