<testsuite failures="1" name="featurefiles/karate17splunk.feature" skipped="0" tests="2" time="0.122677">
  <testcase classname="featurefiles.karate17splunk" name="Job Search 1" time="0.053165">
    <failure message="karate17splunk.feature:28 - evaluation (js) failed: util.read(, javax.script.ScriptException: &lt;eval&gt;:1:10 Expected an operand but found eof&#13;&#10;util.read(&#13;&#10;          ^ in &lt;eval&gt; at line number 1 at column number 10&#10;stack trace: jdk.nashorn.api.scripting.NashornScriptEngine.throwAsScriptException(NashornScriptEngine.java:470)">* def login = ............................................................. passed
* def auth = login("palmetoadmin", "P@lmeto@123") ......................... passed
* print auth .............................................................. passed
* configure ssl = true .................................................... passed
Given url "https://192.168.1.62:8089" ..................................... passed
And header Authorization = auth ........................................... passed
Given path "/services/search/jobs" ........................................ passed
When method get ........................................................... passed
Then status 200 ........................................................... passed
* print responseType ...................................................... passed
* def util = Java.type("misce.utils") ..................................... passed
* util.read( .............................................................. failed

Stack Trace:
com.intuit.karate.exception.KarateException: karate17splunk.feature:28 - evaluation (js) failed: util.read(, javax.script.ScriptException: &lt;eval&gt;:1:10 Expected an operand but found eof&#13;
util.read(&#13;
          ^ in &lt;eval&gt; at line number 1 at column number 10
stack trace: jdk.nashorn.api.scripting.NashornScriptEngine.throwAsScriptException(NashornScriptEngine.java:470)&#13;
	at ✽.* util.read( (karate17splunk.feature:28)&#13;

* def title = get response //feed/title ................................... skipped
* print title ............................................................. skipped
* match title == "jobs" ................................................... skipped</failure>
  </testcase>
  <testcase classname="featurefiles.karate17splunk" name="Alert Search 1" time="0.069512">
    <system-out>* def login = ............................................................. passed
* def auth = login("palmetoadmin", "P@lmeto@123") ......................... passed
* print auth .............................................................. passed
* configure ssl = true .................................................... passed
Given url "https://192.168.1.62:8089" ..................................... passed
And header Authorization = auth ........................................... passed
Given path "/services/search/jobs" ........................................ passed
When method get ........................................................... passed
Then status 200 ........................................................... passed
* print responseType ...................................................... passed
* def util = Java.type("misce.utils") ..................................... passed
* util.read( .............................................................. failed

Stack Trace:
com.intuit.karate.exception.KarateException: karate17splunk.feature:28 - evaluation (js) failed: util.read(, javax.script.ScriptException: &lt;eval&gt;:1:10 Expected an operand but found eof&#13;
util.read(&#13;
          ^ in &lt;eval&gt; at line number 1 at column number 10
stack trace: jdk.nashorn.api.scripting.NashornScriptEngine.throwAsScriptException(NashornScriptEngine.java:470)&#13;
	at ✽.* util.read( (karate17splunk.feature:28)&#13;

* def title = get response //feed/title ................................... skipped
* print title ............................................................. skipped
* match title == "jobs" ................................................... skipped
* def login = ............................................................. passed
* def auth = login("palmetoadmin", "P@lmeto@123") ......................... passed
* print auth .............................................................. passed
* configure ssl = true .................................................... passed
Given url "https://192.168.1.62:8089" ..................................... passed
And header Authorization = auth ........................................... passed
Given path "/services/alerts/alert_actions" ............................... passed
When method get ........................................................... passed
Then status 200 ........................................................... passed
* print responseType ...................................................... passed
* def title = get response //feed/title ................................... passed
* print title ............................................................. passed
* match title == "alert_actions" .......................................... passed</system-out>
  </testcase>
</testsuite>
