<testsuite failures="0" name="featurefiles/karate07.feature" skipped="0" tests="1" time="0.006567">
  <testcase classname="featurefiles.karate07" name="data type validatioon Test case" time="0.006567">
    <system-out>* def a = 10 .............................................................. passed
* def b = "Kararte" ....................................................... passed
* def c = true ............................................................ passed
* match a == "#number" .................................................... passed
* match b == "#string" .................................................... passed
* match c == "#boolean" ................................................... passed</system-out>
  </testcase>
</testsuite>
