<testsuite failures="0" name="featurefiles/callingfeature.feature" skipped="0" tests="1" time="0.495964">
  <testcase classname="featurefiles.callingfeature" name="calling feature Test case 1" time="0.495964">
    <system-out>* def result = call read("karate13 suite.feature") ........................ passed
* print result ............................................................ passed
* assert result.response.string._ == "104" ................................ passed</system-out>
  </testcase>
</testsuite>
